ubuntu@harish:~/workspace$ /bin/python3 /home/harish/workspace/pytorch/imageClassifcation.py
Skipping, found downloaded files in "./animal-faces" (use force=True to force download)
Dataset downloaded successfully!
Device available: cuda
                                         image_paths labels
0  ./animal-faces/afhq/train/cat/pixabay_cat_0027...    cat
1  ./animal-faces/afhq/train/cat/flickr_cat_00056...    cat
2  ./animal-faces/afhq/train/cat/pixabay_cat_0013...    cat
3  ./animal-faces/afhq/train/cat/pixabay_cat_0003...    cat
4  ./animal-faces/afhq/train/cat/pixabay_cat_0025...    cat
Image grid saved as 'image_grid.png'
----------------------------------------------------------------
        Layer (type)               Output Shape         Param #
================================================================
            Conv2d-1         [-1, 32, 128, 128]             896
         MaxPool2d-2           [-1, 32, 64, 64]               0
              ReLU-3           [-1, 32, 64, 64]               0
            Conv2d-4           [-1, 64, 64, 64]          18,496
         MaxPool2d-5           [-1, 64, 32, 32]               0
              ReLU-6           [-1, 64, 32, 32]               0
            Conv2d-7          [-1, 128, 32, 32]          73,856
         MaxPool2d-8          [-1, 128, 16, 16]               0
              ReLU-9          [-1, 128, 16, 16]               0
          Flatten-10                [-1, 32768]               0
           Linear-11                  [-1, 128]       4,194,432
           Linear-12                    [-1, 3]             387
================================================================
Total params: 4,288,067
Trainable params: 4,288,067
Non-trainable params: 0
----------------------------------------------------------------
Input size (MB): 0.19
Forward/backward pass size (MB): 10.75
Params size (MB): 16.36
Estimated Total Size (MB): 27.30
----------------------------------------------------------------
Epoch 1/10, Train Loss: 3.3824 Train Accuracy 80.1966
              Validation Loss: 0.3616 Validation Accuracy: 91.0331
=========================
Epoch 2/10, Train Loss: 1.4218 Train Accuracy 92.9059
              Validation Loss: 0.25 Validation Accuracy: 94.2149
=========================
Epoch 3/10, Train Loss: 0.9255 Train Accuracy 95.5008
              Validation Loss: 0.2058 Validation Accuracy: 94.9587
=========================
Epoch 4/10, Train Loss: 0.6548 Train Accuracy 96.8116
              Validation Loss: 0.2109 Validation Accuracy: 95.4132
=========================
Epoch 5/10, Train Loss: 0.4974 Train Accuracy 97.467
              Validation Loss: 0.2067 Validation Accuracy: 95.2066
=========================
Epoch 6/10, Train Loss: 0.3486 Train Accuracy 98.3527
              Validation Loss: 0.1822 Validation Accuracy: 96.1157
=========================
Epoch 7/10, Train Loss: 0.3042 Train Accuracy 98.4678
              Validation Loss: 0.1757 Validation Accuracy: 96.281
=========================
Epoch 8/10, Train Loss: 0.1776 Train Accuracy 99.1498
              Validation Loss: 0.1681 Validation Accuracy: 96.4876
=========================
Epoch 9/10, Train Loss: 0.1617 Train Accuracy 99.2472
              Validation Loss: 0.2496 Validation Accuracy: 95.2479
=========================
Epoch 10/10, Train Loss: 0.1256 Train Accuracy 99.4509
              Validation Loss: 0.2005 Validation Accuracy: 96.157
=========================
Accuracy Score is: 96.4448 and Loss is 0.0188
Plot image saved as 'training_progress.png'
Inference image saved as 'inf_img1.png'
Inference image saved as 'inf_img2.png'

Prediction image1: 

['cat']

Prediction image2: 

['wild']

ubuntu@harish:~/workspace$